<?xml version="1.0" encoding="UTF-8"?>
<!-- Generated by org.testng.reporters.JUnitXMLReporter -->
<testsuite ignored="2" hostname="LAPTOP-R4HB7KO1" failures="0" tests="2" name="Test" time="16.091" errors="0" timestamp="2025-01-28T11:59:40 IST">
  <testcase classname="com.learning.computers.TC_DWS_010_Test" name="clickOnComputers" time="0.902"/>
  <testcase classname="com.learning.books.TC_DWS_001_Test" name="clickOnBooks" time="1.016"/>
  <testcase classname="GenericUtility.BaseClass" name="@BeforeSuite configReport" time="0.0">
    <ignored/>
  </testcase> <!-- @BeforeSuite configReport -->
  <testcase classname="GenericUtility.BaseClass" name="@AfterSuite reportBackup" time="0.0">
    <ignored/>
  </testcase> <!-- @AfterSuite reportBackup -->
</testsuite> <!-- Test -->
