<?xml version="1.0" encoding="UTF-8"?>
<testng-results ignored="0" total="1" passed="1" failed="0" skipped="0">
  <reporter-output>
  </reporter-output>
  <suite started-at="2025-01-29T11:52:58 IST" name="Default suite" finished-at="2025-01-29T11:53:07 IST" duration-ms="8646">
    <groups>
    </groups>
    <test started-at="2025-01-29T11:52:58 IST" name="Default test" finished-at="2025-01-29T11:53:07 IST" duration-ms="8646">
      <class name="cart.TC_DWS_0021_Test">
        <test-method is-config="true" signature="configReport()[pri:0, instance:cart.TC_DWS_0021_Test@f0c8a99]" started-at="2025-01-29T11:52:58 IST" name="configReport" finished-at="2025-01-29T11:52:58 IST" duration-ms="260" status="PASS">
          <reporter-output>
          </reporter-output>
        </test-method> <!-- configReport -->
        <test-method is-config="true" signature="openBrowser(java.lang.String)[pri:0, instance:cart.TC_DWS_0021_Test@f0c8a99]" started-at="2025-01-29T11:52:58 IST" name="openBrowser" finished-at="2025-01-29T11:53:04 IST" duration-ms="5570" status="PASS">
          <params>
            <param index="0">
              <value>
                <![CDATA[Chrome]]>
              </value>
            </param>
          </params>
          <reporter-output>
          </reporter-output>
        </test-method> <!-- openBrowser -->
        <test-method is-config="true" signature="login()[pri:0, instance:cart.TC_DWS_0021_Test@f0c8a99]" started-at="2025-01-29T11:53:04 IST" name="login" finished-at="2025-01-29T11:53:05 IST" duration-ms="1801" status="PASS">
          <reporter-output>
          </reporter-output>
        </test-method> <!-- login -->
        <test-method signature="addToCart()[pri:0, instance:cart.TC_DWS_0021_Test@f0c8a99]" started-at="2025-01-29T11:53:05 IST" name="addToCart" finished-at="2025-01-29T11:53:06 IST" duration-ms="956" status="PASS">
          <reporter-output>
          </reporter-output>
        </test-method> <!-- addToCart -->
        <test-method is-config="true" signature="logout()[pri:0, instance:cart.TC_DWS_0021_Test@f0c8a99]" started-at="2025-01-29T11:53:06 IST" name="logout" finished-at="2025-01-29T11:53:06 IST" duration-ms="0" status="PASS">
          <reporter-output>
          </reporter-output>
        </test-method> <!-- logout -->
        <test-method is-config="true" signature="closeBbrowser()[pri:0, instance:cart.TC_DWS_0021_Test@f0c8a99]" started-at="2025-01-29T11:53:06 IST" name="closeBbrowser" finished-at="2025-01-29T11:53:07 IST" duration-ms="285" status="PASS">
          <reporter-output>
          </reporter-output>
        </test-method> <!-- closeBbrowser -->
        <test-method is-config="true" signature="reportBackup()[pri:0, instance:cart.TC_DWS_0021_Test@f0c8a99]" started-at="2025-01-29T11:53:07 IST" name="reportBackup" finished-at="2025-01-29T11:53:07 IST" duration-ms="584" status="PASS">
          <reporter-output>
          </reporter-output>
        </test-method> <!-- reportBackup -->
      </class> <!-- cart.TC_DWS_0021_Test -->
    </test> <!-- Default test -->
  </suite> <!-- Default suite -->
</testng-results>
